{
  "0 debug pnpm:scope": {
    "selected": 1
  },
  "1 error pnpm": {
    "code": "ELIFECYCLE",
    "errno": "ENOENT",
    "syscall": "spawn",
    "file": "sh",
    "pkgid": "@",
    "stage": "dev",
    "script": "svelte-kit dev",
    "err": {
      "name": "pnpm",
      "message": "@ dev: `svelte-kit dev`\nspawn ENOENT",
      "code": "ELIFECYCLE",
      "stack": "pnpm: @ dev: `svelte-kit dev`\nspawn ENOENT\n    at ChildProcess.<anonymous> (/home/trainingmontage/.nvm/versions/node/v16.3.0/pnpm-global/5/node_modules/.pnpm/pnpm@6.21.0/node_modules/pnpm/dist/pnpm.cjs:91269:22)\n    at ChildProcess.emit (node:events:394:28)\n    at maybeClose (node:internal/child_process:1067:16)\n    at Process.ChildProcess._handle.onexit (node:internal/child_process:301:5)"
    }
  },
  "2 warn pnpm:global": " Local package.json exists, but node_modules missing, did you mean to install?"
}